# JRE version: OpenJDK Runtime Environment (8.0_152-b01) (build 1.8.0_152-release-1024-b01)
# Java VM: OpenJDK 64-Bit Server VM (25.152-b01 mixed mode linux-amd64 compressed oops)
Heap:
 PSYoungGen      total 498176K, used 22048K [0x00000000e0000000, 0x00000000ffe00000, 0x0000000100000000)
  eden space 477184K, 2% used [0x00000000e0000000,0x00000000e0b4d5b0,0x00000000fd200000)
  from space 20992K, 49% used [0x00000000fe980000,0x00000000ff3bae08,0x00000000ffe00000)
  to   space 22528K, 0% used [0x00000000fd200000,0x00000000fd200000,0x00000000fe800000)
 ParOldGen       total 158720K, used 74022K [0x00000000a0000000, 0x00000000a9b00000, 0x00000000e0000000)
  object space 158720K, 46% used [0x00000000a0000000,0x00000000a48499a8,0x00000000a9b00000)
 Metaspace       used 117070K, capacity 123585K, committed 140480K, reserved 1173504K
  class space    used 13598K, capacity 14727K, committed 16896K, reserved 1048576K
GC Heap History (10 events):
Event: 10353.366 GC heap before
{Heap before GC invocations=128 (full 6):
 PSYoungGen      total 491008K, used 467920K [0x00000000e0000000, 0x00000000ffe80000, 0x0000000100000000)
  eden space 461312K, 100% used [0x00000000e0000000,0x00000000fc280000,0x00000000fc280000)
  from space 29696K, 22% used [0x00000000fc280000,0x00000000fc8f41e0,0x00000000fdf80000)
  to   space 28160K, 0% used [0x00000000fe300000,0x00000000fe300000,0x00000000ffe80000)
 ParOldGen       total 158720K, used 73370K [0x00000000a0000000, 0x00000000a9b00000, 0x00000000e0000000)
  object space 158720K, 46% used [0x00000000a0000000,0x00000000a47a6998,0x00000000a9b00000)
 Metaspace       used 116017K, capacity 122385K, committed 140480K, reserved 1173504K
  class space    used 13501K, capacity 14623K, committed 16896K, reserved 1048576K
Event: 10353.392 GC heap after
Heap after GC invocations=128 (full 6):
 PSYoungGen      total 492544K, used 2132K [0x00000000e0000000, 0x00000000ffc80000, 0x0000000100000000)
  eden space 466432K, 0% used [0x00000000e0000000,0x00000000e0000000,0x00000000fc780000)
  from space 26112K, 8% used [0x00000000fe300000,0x00000000fe515228,0x00000000ffc80000)
  to   space 27136K, 0% used [0x00000000fc780000,0x00000000fc780000,0x00000000fe200000)
 ParOldGen       total 158720K, used 73402K [0x00000000a0000000, 0x00000000a9b00000, 0x00000000e0000000)
  object space 158720K, 46% used [0x00000000a0000000,0x00000000a47ae998,0x00000000a9b00000)
 Metaspace       used 116017K, capacity 122385K, committed 140480K, reserved 1173504K
  class space    used 13501K, capacity 14623K, committed 16896K, reserved 1048576K
}
Event: 10393.737 GC heap before
{Heap before GC invocations=129 (full 6):
 PSYoungGen      total 492544K, used 468564K [0x00000000e0000000, 0x00000000ffc80000, 0x0000000100000000)
  eden space 466432K, 100% used [0x00000000e0000000,0x00000000fc780000,0x00000000fc780000)
  from space 26112K, 8% used [0x00000000fe300000,0x00000000fe515228,0x00000000ffc80000)
  to   space 27136K, 0% used [0x00000000fc780000,0x00000000fc780000,0x00000000fe200000)
 ParOldGen       total 158720K, used 73402K [0x00000000a0000000, 0x00000000a9b00000, 0x00000000e0000000)
  object space 158720K, 46% used [0x00000000a0000000,0x00000000a47ae998,0x00000000a9b00000)
 Metaspace       used 116026K, capacity 122385K, committed 140480K, reserved 1173504K
  class space    used 13501K, capacity 14623K, committed 16896K, reserved 1048576K
Event: 10394.453 GC heap after
Heap after GC invocations=129 (full 6):
 PSYoungGen      total 493568K, used 5012K [0x00000000e0000000, 0x00000000fff00000, 0x0000000100000000)
  eden space 466432K, 0% used [0x00000000e0000000,0x00000000e0000000,0x00000000fc780000)
  from space 27136K, 18% used [0x00000000fc780000,0x00000000fcc65218,0x00000000fe200000)
  to   space 26112K, 0% used [0x00000000fe580000,0x00000000fe580000,0x00000000fff00000)
 ParOldGen       total 158720K, used 73402K [0x00000000a0000000, 0x00000000a9b00000, 0x00000000e0000000)
  object space 158720K, 46% used [0x00000000a0000000,0x00000000a47ae998,0x00000000a9b00000)
 Metaspace       used 116026K, capacity 122385K, committed 140480K, reserved 1173504K
  class space    used 13501K, capacity 14623K, committed 16896K, reserved 1048576K
}
Event: 10422.396 GC heap before
{Heap before GC invocations=130 (full 6):
 PSYoungGen      total 493568K, used 470520K [0x00000000e0000000, 0x00000000fff00000, 0x0000000100000000)
  eden space 466432K, 99% used [0x00000000e0000000,0x00000000fc699060,0x00000000fc780000)
  from space 27136K, 18% used [0x00000000fc780000,0x00000000fcc65218,0x00000000fe200000)
  to   space 26112K, 0% used [0x00000000fe580000,0x00000000fe580000,0x00000000fff00000)
 ParOldGen       total 158720K, used 73402K [0x00000000a0000000, 0x00000000a9b00000, 0x00000000e0000000)
  object space 158720K, 46% used [0x00000000a0000000,0x00000000a47ae998,0x00000000a9b00000)
 Metaspace       used 117039K, capacity 123521K, committed 140480K, reserved 1173504K
  class space    used 13597K, capacity 14727K, committed 16896K, reserved 1048576K
Event: 10422.814 GC heap after
Heap after GC invocations=130 (full 6):
 PSYoungGen      total 493056K, used 7939K [0x00000000e0000000, 0x00000000ffb00000, 0x0000000100000000)
  eden space 471040K, 0% used [0x00000000e0000000,0x00000000e0000000,0x00000000fcc00000)
  from space 22016K, 36% used [0x00000000fe580000,0x00000000fed40c88,0x00000000ffb00000)
  to   space 24064K, 0% used [0x00000000fcc00000,0x00000000fcc00000,0x00000000fe380000)
 ParOldGen       total 158720K, used 73966K [0x00000000a0000000, 0x00000000a9b00000, 0x00000000e0000000)
  object space 158720K, 46% used [0x00000000a0000000,0x00000000a483b9a8,0x00000000a9b00000)
 Metaspace       used 117039K, capacity 123521K, committed 140480K, reserved 1173504K
  class space    used 13597K, capacity 14727K, committed 16896K, reserved 1048576K
}
Event: 10581.739 GC heap before
{Heap before GC invocations=131 (full 6):
 PSYoungGen      total 493056K, used 478854K [0x00000000e0000000, 0x00000000ffb00000, 0x0000000100000000)
  eden space 471040K, 99% used [0x00000000e0000000,0x00000000fcbe0ec0,0x00000000fcc00000)
  from space 22016K, 36% used [0x00000000fe580000,0x00000000fed40c88,0x00000000ffb00000)
  to   space 24064K, 0% used [0x00000000fcc00000,0x00000000fcc00000,0x00000000fe380000)
 ParOldGen       total 158720K, used 73966K [0x00000000a0000000, 0x00000000a9b00000, 0x00000000e0000000)
  object space 158720K, 46% used [0x00000000a0000000,0x00000000a483b9a8,0x00000000a9b00000)
 Metaspace       used 117044K, capacity 123521K, committed 140480K, reserved 1173504K
  class space    used 13598K, capacity 14727K, committed 16896K, reserved 1048576K
Event: 10582.044 GC heap after
Heap after GC invocations=131 (full 6):
 PSYoungGen      total 495104K, used 6550K [0x00000000e0000000, 0x0000000100000000, 0x0000000100000000)
  eden space 471040K, 0% used [0x00000000e0000000,0x00000000e0000000,0x00000000fcc00000)
  from space 24064K, 27% used [0x00000000fcc00000,0x00000000fd265940,0x00000000fe380000)
  to   space 23040K, 0% used [0x00000000fe980000,0x00000000fe980000,0x0000000100000000)
 ParOldGen       total 158720K, used 73998K [0x00000000a0000000, 0x00000000a9b00000, 0x00000000e0000000)
  object space 158720K, 46% used [0x00000000a0000000,0x00000000a48439a8,0x00000000a9b00000)
 Metaspace       used 117044K, capacity 123521K, committed 140480K, reserved 1173504K
  class space    used 13598K, capacity 14727K, committed 16896K, reserved 1048576K
}
Event: 11123.342 GC heap before
{Heap before GC invocations=132 (full 6):
 PSYoungGen      total 495104K, used 477590K [0x00000000e0000000, 0x0000000100000000, 0x0000000100000000)
  eden space 471040K, 100% used [0x00000000e0000000,0x00000000fcc00000,0x00000000fcc00000)
  from space 24064K, 27% used [0x00000000fcc00000,0x00000000fd265940,0x00000000fe380000)
  to   space 23040K, 0% used [0x00000000fe980000,0x00000000fe980000,0x0000000100000000)
 ParOldGen       total 158720K, used 73998K [0x00000000a0000000, 0x00000000a9b00000, 0x00000000e0000000)
  object space 158720K, 46% used [0x00000000a0000000,0x00000000a48439a8,0x00000000a9b00000)
 Metaspace       used 117070K, capacity 123585K, committed 140480K, reserved 1173504K
  class space    used 13598K, capacity 14727K, committed 16896K, reserved 1048576K
Event: 11127.054 GC heap after
Heap after GC invocations=132 (full 6):
 PSYoungGen      total 498176K, used 10475K [0x00000000e0000000, 0x00000000ffe00000, 0x0000000100000000)
  eden space 477184K, 0% used [0x00000000e0000000,0x00000000e0000000,0x00000000fd200000)
  from space 20992K, 49% used [0x00000000fe980000,0x00000000ff3bae08,0x00000000ffe00000)
  to   space 22528K, 0% used [0x00000000fd200000,0x00000000fd200000,0x00000000fe800000)
 ParOldGen       total 158720K, used 74022K [0x00000000a0000000, 0x00000000a9b00000, 0x00000000e0000000)
  object space 158720K, 46% used [0x00000000a0000000,0x00000000a48499a8,0x00000000a9b00000)
 Metaspace       used 117070K, capacity 123585K, committed 140480K, reserved 1173504K
  class space    used 13598K, capacity 14727K, committed 16896K, reserved 1048576K
}

